[13:09:19] [ServerMain/INFO]: Building unoptimized datafixer
[13:09:21] [ServerMain/INFO]: Environment: authHost='https://authserver.mojang.com', accountsHost='https://api.mojang.com', sessionHost='https://sessionserver.mojang.com', servicesHost='https://api.minecraftservices.com', name='PROD'
[13:09:24] [ServerMain/INFO]: Loaded 7 recipes
[13:09:25] [ServerMain/INFO]: Loaded 1179 advancements
[13:09:25] [Server thread/INFO]: Starting minecraft server version 1.19.3
[13:09:25] [Server thread/INFO]: Loading properties
[13:09:25] [Server thread/INFO]: Default game type: SURVIVAL
[13:09:25] [Server thread/INFO]: Generating keypair
[13:09:26] [Server thread/INFO]: Starting Minecraft server on *:25565
[13:09:26] [Server thread/INFO]: Using epoll channel type
[13:09:26] [Server thread/INFO]: Preparing level "world"
[13:09:34] [Server thread/INFO]: Preparing start region for dimension minecraft:overworld
[13:09:40] [Worker-Main-1/INFO]: Preparing spawn area: 0%
[13:09:40] [Worker-Main-1/INFO]: Preparing spawn area: 0%
[13:09:40] [Worker-Main-1/INFO]: Preparing spawn area: 0%
[13:09:40] [Worker-Main-1/INFO]: Preparing spawn area: 0%
[13:09:40] [Worker-Main-1/INFO]: Preparing spawn area: 0%
[13:09:40] [Worker-Main-1/INFO]: Preparing spawn area: 0%
[13:09:40] [Worker-Main-1/INFO]: Preparing spawn area: 0%
[13:09:40] [Worker-Main-1/INFO]: Preparing spawn area: 0%
[13:09:40] [Worker-Main-1/INFO]: Preparing spawn area: 0%
[13:09:40] [Worker-Main-1/INFO]: Preparing spawn area: 0%
[13:09:40] [Worker-Main-1/INFO]: Preparing spawn area: 0%
[13:09:40] [Worker-Main-1/INFO]: Preparing spawn area: 0%
[13:09:40] [Worker-Main-1/INFO]: Preparing spawn area: 0%
[13:09:41] [Worker-Main-1/INFO]: Preparing spawn area: 0%
[13:09:41] [Worker-Main-1/INFO]: Preparing spawn area: 0%
[13:09:42] [Worker-Main-1/INFO]: Preparing spawn area: 0%
[13:09:42] [Worker-Main-1/INFO]: Preparing spawn area: 6%
[13:09:43] [Server thread/INFO]: Time elapsed: 8690 ms
[13:09:43] [Server thread/INFO]: Done (17.045s)! For help, type "help"
[13:10:04] [Server thread/INFO]: Unknown or incomplete command, see below for error
[13:10:04] [Server thread/INFO]: kick<--[HERE]
[13:16:40] [Server thread/INFO]: Stopping server
